d:\projects\c\learn\201classincpp\gametank\x64\debug\gametank.pch
d:\projects\c\learn\201classincpp\gametank\x64\debug\vc141.pdb
d:\projects\c\learn\201classincpp\gametank\x64\debug\vc141.idb
d:\projects\c\learn\201classincpp\gametank\x64\debug\pch.obj
d:\projects\c\learn\201classincpp\gametank\x64\debug\gametank.obj
d:\projects\c\learn\201classincpp\gametank\x64\debug\trect.obj
d:\projects\c\learn\201classincpp\gametank\x64\debug\tpoint.obj
d:\projects\c\learn\201classincpp\gametank\x64\debug\tgeom.obj
d:\projects\c\learn\201classincpp\gametank\x64\debug\tcircle.obj
d:\projects\c\learn\201classincpp\gametank\x64\debug\strutils.obj
d:\projects\c\learn\201classincpp\gametank\x64\debug\list2link.obj
d:\projects\c\learn\201classincpp\gametank\x64\debug\consoleroutine.obj
c:\users\filliny\source\repos\sergyeyev\learn\201classincpp\gametank\x64\debug\gametank.pch
c:\users\filliny\source\repos\sergyeyev\learn\201classincpp\gametank\x64\debug\vc141.pdb
c:\users\filliny\source\repos\sergyeyev\learn\201classincpp\gametank\x64\debug\vc141.idb
c:\users\filliny\source\repos\sergyeyev\learn\201classincpp\gametank\x64\debug\pch.obj
c:\users\filliny\source\repos\sergyeyev\learn\201classincpp\gametank\x64\debug\gametank.obj
c:\users\filliny\source\repos\sergyeyev\learn\201classincpp\gametank\x64\debug\trect.obj
c:\users\filliny\source\repos\sergyeyev\learn\201classincpp\gametank\x64\debug\tpoint.obj
c:\users\filliny\source\repos\sergyeyev\learn\201classincpp\gametank\x64\debug\tgeom.obj
c:\users\filliny\source\repos\sergyeyev\learn\201classincpp\gametank\x64\debug\tcircle.obj
c:\users\filliny\source\repos\sergyeyev\learn\201classincpp\gametank\x64\debug\strutils.obj
c:\users\filliny\source\repos\sergyeyev\learn\201classincpp\gametank\x64\debug\list2link.obj
c:\users\filliny\source\repos\sergyeyev\learn\201classincpp\gametank\x64\debug\consoleroutine.obj
d:\projects\c\learn\201classincpp\x64\debug\gametank.ilk
d:\projects\c\learn\201classincpp\x64\debug\gametank.exe
d:\projects\c\learn\201classincpp\x64\debug\gametank.pdb
c:\users\filliny\source\repos\sergyeyev\learn\201classincpp\x64\debug\gametank.ilk
c:\users\filliny\source\repos\sergyeyev\learn\201classincpp\x64\debug\gametank.exe
c:\users\filliny\source\repos\sergyeyev\learn\201classincpp\x64\debug\gametank.pdb
c:\users\filliny\source\repos\sergyeyev\learn\201classincpp\gametank\x64\debug\gametank.tlog\cl.command.1.tlog
c:\users\filliny\source\repos\sergyeyev\learn\201classincpp\gametank\x64\debug\gametank.tlog\cl.read.1.tlog
c:\users\filliny\source\repos\sergyeyev\learn\201classincpp\gametank\x64\debug\gametank.tlog\cl.write.1.tlog
c:\users\filliny\source\repos\sergyeyev\learn\201classincpp\gametank\x64\debug\gametank.tlog\link.command.1.tlog
c:\users\filliny\source\repos\sergyeyev\learn\201classincpp\gametank\x64\debug\gametank.tlog\link.read.1.tlog
c:\users\filliny\source\repos\sergyeyev\learn\201classincpp\gametank\x64\debug\gametank.tlog\link.write.1.tlog
