c:\users\filliny\source\repos\sergyeyev\learn\201classincpp\gametankobj\x64\debug\gametankobj.pch
c:\users\filliny\source\repos\sergyeyev\learn\201classincpp\gametankobj\x64\debug\vc141.pdb
c:\users\filliny\source\repos\sergyeyev\learn\201classincpp\gametankobj\x64\debug\vc141.idb
c:\users\filliny\source\repos\sergyeyev\learn\201classincpp\gametankobj\x64\debug\pch.obj
c:\users\filliny\source\repos\sergyeyev\learn\201classincpp\gametankobj\x64\debug\gametankobj.obj
c:\users\filliny\source\repos\sergyeyev\learn\201classincpp\gametankobj\x64\debug\trect.obj
c:\users\filliny\source\repos\sergyeyev\learn\201classincpp\gametankobj\x64\debug\tpoint.obj
c:\users\filliny\source\repos\sergyeyev\learn\201classincpp\gametankobj\x64\debug\tgeom.obj
c:\users\filliny\source\repos\sergyeyev\learn\201classincpp\gametankobj\x64\debug\tcircle.obj
c:\users\filliny\source\repos\sergyeyev\learn\201classincpp\gametankobj\x64\debug\strutils.obj
c:\users\filliny\source\repos\sergyeyev\learn\201classincpp\gametankobj\x64\debug\list2link.obj
c:\users\filliny\source\repos\sergyeyev\learn\201classincpp\gametankobj\x64\debug\gameengine.obj
c:\users\filliny\source\repos\sergyeyev\learn\201classincpp\gametankobj\x64\debug\consoleroutine.obj
c:\users\filliny\source\repos\sergyeyev\learn\201classincpp\x64\debug\gametankobj.exe
c:\users\filliny\source\repos\sergyeyev\learn\201classincpp\x64\debug\gametankobj.ilk
c:\users\filliny\source\repos\sergyeyev\learn\201classincpp\x64\debug\gametankobj.pdb
c:\users\filliny\source\repos\sergyeyev\learn\201classincpp\gametankobj\x64\debug\gametankobj.tlog\cl.command.1.tlog
c:\users\filliny\source\repos\sergyeyev\learn\201classincpp\gametankobj\x64\debug\gametankobj.tlog\cl.read.1.tlog
c:\users\filliny\source\repos\sergyeyev\learn\201classincpp\gametankobj\x64\debug\gametankobj.tlog\cl.write.1.tlog
c:\users\filliny\source\repos\sergyeyev\learn\201classincpp\gametankobj\x64\debug\gametankobj.tlog\link.command.1.tlog
c:\users\filliny\source\repos\sergyeyev\learn\201classincpp\gametankobj\x64\debug\gametankobj.tlog\link.read.1.tlog
c:\users\filliny\source\repos\sergyeyev\learn\201classincpp\gametankobj\x64\debug\gametankobj.tlog\link.write.1.tlog
