c:\users\filliny\source\repos\sergyeyev\learn\201classincpp\list2linkconsole\x64\debug\list2linkconsole.pch
c:\users\filliny\source\repos\sergyeyev\learn\201classincpp\list2linkconsole\x64\debug\vc141.pdb
c:\users\filliny\source\repos\sergyeyev\learn\201classincpp\list2linkconsole\x64\debug\vc141.idb
c:\users\filliny\source\repos\sergyeyev\learn\201classincpp\list2linkconsole\x64\debug\pch.obj
c:\users\filliny\source\repos\sergyeyev\learn\201classincpp\list2linkconsole\x64\debug\list2linkconsole.obj
c:\users\filliny\source\repos\sergyeyev\learn\201classincpp\list2linkconsole\x64\debug\trect.obj
c:\users\filliny\source\repos\sergyeyev\learn\201classincpp\list2linkconsole\x64\debug\tpoint.obj
c:\users\filliny\source\repos\sergyeyev\learn\201classincpp\list2linkconsole\x64\debug\tgeom.obj
c:\users\filliny\source\repos\sergyeyev\learn\201classincpp\list2linkconsole\x64\debug\tcircle.obj
c:\users\filliny\source\repos\sergyeyev\learn\201classincpp\list2linkconsole\x64\debug\strutils.obj
c:\users\filliny\source\repos\sergyeyev\learn\201classincpp\list2linkconsole\x64\debug\list2link.obj
c:\users\filliny\source\repos\sergyeyev\learn\201classincpp\list2linkconsole\x64\debug\consoleroutine.obj
c:\users\filliny\source\repos\sergyeyev\learn\201classincpp\x64\debug\list2linkconsole.exe
c:\users\filliny\source\repos\sergyeyev\learn\201classincpp\x64\debug\list2linkconsole.ilk
c:\users\filliny\source\repos\sergyeyev\learn\201classincpp\x64\debug\list2linkconsole.pdb
c:\users\filliny\source\repos\sergyeyev\learn\201classincpp\list2linkconsole\x64\debug\list2linkconsole.tlog\cl.command.1.tlog
c:\users\filliny\source\repos\sergyeyev\learn\201classincpp\list2linkconsole\x64\debug\list2linkconsole.tlog\cl.read.1.tlog
c:\users\filliny\source\repos\sergyeyev\learn\201classincpp\list2linkconsole\x64\debug\list2linkconsole.tlog\cl.write.1.tlog
c:\users\filliny\source\repos\sergyeyev\learn\201classincpp\list2linkconsole\x64\debug\list2linkconsole.tlog\link.command.1.tlog
c:\users\filliny\source\repos\sergyeyev\learn\201classincpp\list2linkconsole\x64\debug\list2linkconsole.tlog\link.read.1.tlog
c:\users\filliny\source\repos\sergyeyev\learn\201classincpp\list2linkconsole\x64\debug\list2linkconsole.tlog\link.write.1.tlog
